{"/home/gabriel/projects/clean-node-api/src/data/usecases/add-account/db-add-account-protocols.ts": {"path":"/home/gabriel/projects/clean-node-api/src/data/usecases/add-account/db-add-account-protocols.ts","all":true,"statementMap":{"0":{"start":{"line":1,"column":0},"end":{"line":1,"column":53}},"1":{"start":{"line":2,"column":0},"end":{"line":2,"column":47}},"2":{"start":{"line":3,"column":0},"end":{"line":3,"column":52}},"3":{"start":{"line":4,"column":0},"end":{"line":4,"column":65}},"4":{"start":{"line":5,"column":0},"end":{"line":5,"column":75}}},"s":{"0":0,"1":0,"2":0,"3":0,"4":0},"branchMap":{"0":{"type":"branch","line":1,"loc":{"start":{"line":1,"column":0},"end":{"line":5,"column":75}},"locations":[{"start":{"line":1,"column":0},"end":{"line":5,"column":75}}]}},"b":{"0":[0]},"fnMap":{"0":{"name":"(empty-report)","decl":{"start":{"line":1,"column":0},"end":{"line":5,"column":75}},"loc":{"start":{"line":1,"column":0},"end":{"line":5,"column":75}},"line":1}},"f":{"0":0}}
,"/home/gabriel/projects/clean-node-api/src/data/usecases/add-account/db-add-account.ts": {"path":"/home/gabriel/projects/clean-node-api/src/data/usecases/add-account/db-add-account.ts","all":false,"statementMap":{"0":{"start":{"line":1,"column":0},"end":{"line":1,"column":146}},"1":{"start":{"line":2,"column":0},"end":{"line":2,"column":0}},"2":{"start":{"line":3,"column":0},"end":{"line":3,"column":49}},"3":{"start":{"line":4,"column":0},"end":{"line":4,"column":185}},"4":{"start":{"line":5,"column":0},"end":{"line":5,"column":0}},"5":{"start":{"line":6,"column":0},"end":{"line":6,"column":66}},"6":{"start":{"line":7,"column":0},"end":{"line":7,"column":74}},"7":{"start":{"line":8,"column":0},"end":{"line":8,"column":72}},"8":{"start":{"line":9,"column":0},"end":{"line":9,"column":102}},"9":{"start":{"line":10,"column":0},"end":{"line":10,"column":19}},"10":{"start":{"line":11,"column":0},"end":{"line":11,"column":3}},"11":{"start":{"line":12,"column":0},"end":{"line":12,"column":1}}},"s":{"0":1,"1":1,"2":1,"3":1,"4":1,"5":1,"6":5,"7":5,"8":4,"9":4,"10":4,"11":1},"branchMap":{"0":{"type":"branch","line":4,"loc":{"start":{"line":4,"column":2},"end":{"line":4,"column":185}},"locations":[{"start":{"line":4,"column":2},"end":{"line":4,"column":185}}]},"1":{"type":"branch","line":6,"loc":{"start":{"line":6,"column":2},"end":{"line":11,"column":3}},"locations":[{"start":{"line":6,"column":2},"end":{"line":11,"column":3}}]},"2":{"type":"branch","line":9,"loc":{"start":{"line":9,"column":-1},"end":{"line":11,"column":3}},"locations":[{"start":{"line":9,"column":-1},"end":{"line":11,"column":3}}]}},"b":{"0":[5],"1":[5],"2":[4]},"fnMap":{"0":{"name":"DbAddAccount","decl":{"start":{"line":4,"column":2},"end":{"line":4,"column":185}},"loc":{"start":{"line":4,"column":2},"end":{"line":4,"column":185}},"line":4},"1":{"name":"add","decl":{"start":{"line":6,"column":2},"end":{"line":11,"column":3}},"loc":{"start":{"line":6,"column":2},"end":{"line":11,"column":3}},"line":6}},"f":{"0":5,"1":5}}
}
