TN:
SF:src/data/protocols/add-account-repository.ts
FN:1,(empty-report)
FNF:1
FNH:0
FNDA:0,(empty-report)
DA:1,0
DA:2,0
DA:3,0
DA:4,0
DA:5,0
DA:6,0
DA:7,0
LF:7
LH:0
BRDA:1,0,0,0
BRF:1
BRH:0
end_of_record
TN:
SF:src/data/protocols/encrypter.ts
FN:1,(empty-report)
FNF:1
FNH:0
FNDA:0,(empty-report)
DA:1,0
DA:2,0
DA:3,0
LF:3
LH:0
BRDA:1,0,0,0
BRF:1
BRH:0
end_of_record
TN:
SF:src/data/protocols/log-error-repository.ts
FN:1,(empty-report)
FNF:1
FNH:0
FNDA:0,(empty-report)
DA:1,0
DA:2,0
DA:3,0
LF:3
LH:0
BRDA:1,0,0,0
BRF:1
BRH:0
end_of_record
TN:
SF:src/data/usecases/add-account/db-add-account-protocols.ts
FN:1,(empty-report)
FNF:1
FNH:0
FNDA:0,(empty-report)
DA:1,0
DA:2,0
DA:3,0
DA:4,0
LF:4
LH:0
BRDA:1,0,0,0
BRF:1
BRH:0
end_of_record
TN:
SF:src/data/usecases/add-account/db-add-account.ts
FN:9,DbAddAccount
FN:14,add
FNF:2
FNH:2
FNDA:8,DbAddAccount
FNDA:5,add
DA:1,1
DA:2,1
DA:3,1
DA:4,1
DA:5,1
DA:6,1
DA:7,1
DA:8,1
DA:9,1
DA:10,8
DA:11,8
DA:12,8
DA:13,1
DA:14,1
DA:15,5
DA:16,4
DA:17,4
DA:18,4
DA:19,1
LF:19
LH:19
BRDA:9,0,0,8
BRDA:14,1,0,5
BRDA:16,2,0,4
BRF:3
BRH:3
end_of_record
TN:
SF:src/domain/models/account.ts
FN:1,(empty-report)
FNF:1
FNH:0
FNDA:0,(empty-report)
DA:1,0
DA:2,0
DA:3,0
DA:4,0
DA:5,0
DA:6,0
LF:6
LH:0
BRDA:1,0,0,0
BRF:1
BRH:0
end_of_record
TN:
SF:src/domain/usecases/add-account.ts
FN:1,(empty-report)
FNF:1
FNH:0
FNDA:0,(empty-report)
DA:1,0
DA:2,0
DA:3,0
DA:4,0
DA:5,0
DA:6,0
DA:7,0
DA:8,0
DA:9,0
DA:10,0
DA:11,0
LF:11
LH:0
BRDA:1,0,0,0
BRF:1
BRH:0
end_of_record
TN:
SF:src/infra/criptography/bcrypt-adapter.ts
FN:7,BcryptAdapter
FN:11,encrypt
FNF:2
FNH:2
FNDA:7,BcryptAdapter
FNDA:4,encrypt
DA:1,1
DA:2,1
DA:3,1
DA:4,1
DA:5,1
DA:6,1
DA:7,1
DA:8,7
DA:9,7
DA:10,1
DA:11,1
DA:12,4
DA:13,3
DA:14,3
DA:15,1
LF:15
LH:15
BRDA:7,0,0,7
BRDA:11,1,0,4
BRDA:13,2,0,3
BRF:3
BRH:3
end_of_record
TN:
SF:src/infra/db/mongodb/account-repository/account.ts
FN:7,add
FNF:1
FNH:1
FNDA:2,add
DA:1,1
DA:2,1
DA:3,1
DA:4,1
DA:5,1
DA:6,1
DA:7,1
DA:8,2
DA:9,2
DA:10,2
DA:11,2
DA:12,2
DA:13,1
LF:13
LH:13
BRDA:7,0,0,2
BRF:1
BRH:1
end_of_record
TN:
SF:src/infra/db/mongodb/helpers/mongo-helper.ts
FN:7,connect
FN:11,disconnect
FN:16,getCollection
FN:23,map
FNF:4
FNH:4
FNDA:5,connect
FNDA:5,disconnect
FNDA:8,getCollection
FNDA:2,map
DA:1,1
DA:2,1
DA:3,1
DA:4,1
DA:5,1
DA:6,1
DA:7,1
DA:8,5
DA:9,5
DA:10,1
DA:11,1
DA:12,5
DA:13,5
DA:14,1
DA:15,1
DA:16,1
DA:17,8
DA:18,1
DA:19,1
DA:20,8
DA:21,1
DA:22,1
DA:23,1
DA:24,2
DA:25,2
DA:26,2
DA:27,1
LF:27
LH:27
BRDA:7,0,0,5
BRDA:11,1,0,5
BRDA:16,2,0,8
BRDA:17,3,0,7
BRDA:17,4,0,1
BRDA:17,5,0,7
BRDA:17,6,0,1
BRDA:23,7,0,2
BRF:8
BRH:8
end_of_record
TN:
SF:src/infra/db/mongodb/log-repository/log.ts
FN:6,logError
FNF:1
FNH:1
FNDA:1,logError
DA:1,1
DA:2,1
DA:3,1
DA:4,1
DA:5,1
DA:6,1
DA:7,1
DA:8,1
DA:9,1
DA:10,1
DA:11,1
DA:12,1
DA:13,1
DA:14,1
LF:14
LH:14
BRDA:6,0,0,1
BRF:1
BRH:1
end_of_record
TN:
SF:src/presentation/controllers/login/login.ts
FN:6,handle
FNF:1
FNH:1
FNDA:2,handle
DA:1,1
DA:2,1
DA:3,1
DA:4,1
DA:5,1
DA:6,1
DA:7,2
DA:8,1
DA:9,1
DA:10,1
DA:11,1
DA:12,1
DA:13,2
DA:14,1
LF:14
LH:14
BRDA:6,0,0,2
BRDA:7,1,0,1
BRDA:8,2,0,1
BRDA:11,3,0,1
BRF:4
BRH:4
end_of_record
TN:
SF:src/presentation/controllers/signup/signup-protocols.ts
FN:1,(empty-report)
FNF:1
FNH:0
FNDA:0,(empty-report)
DA:1,0
DA:2,0
DA:3,0
DA:4,0
LF:4
LH:0
BRDA:1,0,0,0
BRF:1
BRH:0
end_of_record
TN:
SF:src/presentation/controllers/signup/signup.ts
FN:12,SignUpController
FN:18,handle
FNF:2
FNH:2
FNDA:15,SignUpController
FNDA:12,handle
DA:1,1
DA:2,1
DA:3,1
DA:4,1
DA:5,1
DA:6,1
DA:7,1
DA:8,1
DA:9,1
DA:10,1
DA:11,1
DA:12,1
DA:13,15
DA:14,15
DA:15,15
DA:16,1
DA:17,1
DA:18,1
DA:19,12
DA:20,12
DA:21,12
DA:22,12
DA:23,12
DA:24,42
DA:25,4
DA:26,4
DA:27,42
DA:28,8
DA:29,12
DA:30,1
DA:31,1
DA:32,7
DA:33,12
DA:34,1
DA:35,1
DA:36,5
DA:37,5
DA:38,5
DA:39,5
DA:40,5
DA:41,4
DA:42,12
DA:43,2
DA:44,2
DA:45,12
DA:46,1
LF:46
LH:46
BRDA:12,0,0,15
BRDA:18,1,0,12
BRDA:23,2,0,42
BRDA:24,3,0,4
BRDA:28,4,0,8
BRDA:29,5,0,1
BRDA:32,6,0,7
BRDA:33,7,0,1
BRDA:36,8,0,5
BRDA:41,9,0,4
BRDA:42,10,0,2
BRF:11
BRH:11
end_of_record
TN:
SF:src/presentation/errors/index.ts
FNF:0
FNH:0
DA:1,1
DA:2,1
DA:3,1
LF:3
LH:3
BRF:0
BRH:0
end_of_record
TN:
SF:src/presentation/errors/invalid-param-error.ts
FN:2,InvalidParamError
FNF:1
FNH:1
FNDA:4,InvalidParamError
DA:1,1
DA:2,1
DA:3,4
DA:4,4
DA:5,4
DA:6,1
LF:6
LH:6
BRDA:2,0,0,4
BRF:1
BRH:1
end_of_record
TN:
SF:src/presentation/errors/missing-param-error.ts
FN:2,MissingParamError
FNF:1
FNH:1
FNDA:12,MissingParamError
DA:1,1
DA:2,1
DA:3,12
DA:4,12
DA:5,12
DA:6,1
LF:6
LH:6
BRDA:2,0,0,12
BRF:1
BRH:1
end_of_record
TN:
SF:src/presentation/errors/server-error.ts
FN:2,ServerError
FNF:1
FNH:1
FNDA:7,ServerError
DA:1,1
DA:2,1
DA:3,7
DA:4,7
DA:5,7
DA:6,1
LF:6
LH:6
BRDA:2,0,0,7
BRF:1
BRH:1
end_of_record
TN:
SF:src/presentation/helpers/http-helper.ts
FN:5,badRequest
FN:11,serverError
FN:16,ok
FNF:3
FNH:3
FNDA:16,badRequest
FNDA:5,serverError
FNDA:8,ok
DA:1,1
DA:2,1
DA:3,1
DA:4,1
DA:5,1
DA:6,16
DA:7,16
DA:8,16
DA:9,16
DA:10,1
DA:11,1
DA:12,5
DA:13,5
DA:14,5
DA:15,1
DA:16,1
DA:17,8
DA:18,8
DA:19,8
LF:19
LH:19
BRDA:5,0,0,16
BRDA:11,1,0,5
BRDA:16,2,0,8
BRF:3
BRH:3
end_of_record
TN:
SF:src/presentation/protocols/controller.ts
FN:1,(empty-report)
FNF:1
FNH:0
FNDA:0,(empty-report)
DA:1,0
DA:2,0
DA:3,0
DA:4,0
DA:5,0
LF:5
LH:0
BRDA:1,0,0,0
BRF:1
BRH:0
end_of_record
TN:
SF:src/presentation/protocols/email-validator.ts
FN:1,(empty-report)
FNF:1
FNH:0
FNDA:0,(empty-report)
DA:1,0
DA:2,0
DA:3,0
LF:3
LH:0
BRDA:1,0,0,0
BRF:1
BRH:0
end_of_record
TN:
SF:src/presentation/protocols/http.ts
FN:1,(empty-report)
FNF:1
FNH:0
FNDA:0,(empty-report)
DA:1,0
DA:2,0
DA:3,0
DA:4,0
DA:5,0
DA:6,0
DA:7,0
DA:8,0
DA:9,0
DA:10,0
LF:10
LH:0
BRDA:1,0,0,0
BRF:1
BRH:0
end_of_record
TN:
SF:src/presentation/protocols/index.ts
FN:1,(empty-report)
FNF:1
FNH:0
FNDA:0,(empty-report)
DA:1,0
DA:2,0
LF:2
LH:0
BRDA:1,0,0,0
BRF:1
BRH:0
end_of_record
TN:
SF:src/utils/emails-validator-adapter.ts
FN:5,isValid
FNF:1
FNH:1
FNDA:4,isValid
DA:1,1
DA:2,1
DA:3,1
DA:4,1
DA:5,1
DA:6,4
DA:7,4
DA:8,1
LF:8
LH:8
BRDA:5,0,0,4
BRF:1
BRH:1
end_of_record
