TN:
SF:src/infra/db/mongodb/helpers/mongo-helper.ts
FN:7,(anonymous_0)
FN:11,(anonymous_1)
FN:16,(anonymous_2)
FN:23,(anonymous_3)
FNF:4
FNH:3
FNDA:1,(anonymous_0)
FNDA:1,(anonymous_1)
FNDA:8,(anonymous_2)
FNDA:0,(anonymous_3)
DA:1,1
DA:3,1
DA:8,1
DA:9,1
DA:12,1
DA:13,1
DA:17,8
DA:18,0
DA:20,8
DA:24,0
DA:25,0
LF:11
LH:8
BRDA:17,0,0,0
BRDA:17,1,0,0
BRDA:17,1,1,8
BRDA:17,2,0,8
BRDA:17,2,1,8
BRF:5
BRH:3
end_of_record
TN:
SF:src/infra/db/mongodb/survey/survey-mongo-repository.ts
FN:8,(anonymous_0)
FN:13,(anonymous_1)
FNF:2
FNH:0
FNDA:0,(anonymous_0)
FNDA:0,(anonymous_1)
DA:5,1
DA:7,1
DA:9,0
DA:10,0
DA:14,0
DA:15,0
DA:16,0
LF:7
LH:2
BRF:0
BRH:0
end_of_record
